<?xml version="1.0" encoding="UTF-8"?>
<!-- Generated by org.testng.reporters.JUnitXMLReporter -->
<testsuite ignored="0" hostname="EPBYMINW0FE4" failures="0" tests="7" name="Negative_Search_Test" time="26.292" errors="0" timestamp="2023-10-19T19:34:05 CEST">
  <testcase classname="com.amazon.tests.searchbox.NegativeSearchBoxTests" name="emptyInputIntoSearchBoxTest" time="7.647"/>
  <testcase classname="com.amazon.tests.searchbox.NegativeSearchBoxTests" name="invalidInputIntoSearchBoxTest" time="2.42"/>
  <testcase classname="com.amazon.tests.searchbox.NegativeSearchBoxTests" name="invalidInputIntoSearchBoxTest" time="2.684"/>
  <testcase classname="com.amazon.tests.searchbox.NegativeSearchBoxTests" name="invalidInputIntoSearchBoxTest" time="2.742"/>
  <testcase classname="com.amazon.tests.searchbox.NegativeSearchBoxTests" name="spellingErrorInputIntoSearchBoxTest" time="2.638"/>
  <testcase classname="com.amazon.tests.searchbox.NegativeSearchBoxTests" name="spellingErrorInputIntoSearchBoxTest" time="3.06"/>
  <testcase classname="com.amazon.tests.searchbox.NegativeSearchBoxTests" name="spellingErrorInputIntoSearchBoxTest" time="3.21"/>
</testsuite> <!-- Negative_Search_Test -->
