<?xml version="1.0" encoding="UTF-8"?>
<!-- Generated by org.testng.reporters.JUnitXMLReporter -->
<testsuite ignored="0" hostname="EPBYMINW0FE4" failures="1" tests="3" name="Positive_Search_Test" time="18.283" errors="0" timestamp="2023-10-19T19:33:38 CEST">
  <testcase classname="com.amazon.tests.searchbox.PositiveSearchBoxTests" name="positiveSearchBoxTest" time="10.083"/>
  <testcase classname="com.amazon.tests.searchbox.PositiveSearchBoxTests" name="positiveSearchBoxTest" time="3.398"/>
  <testcase classname="com.amazon.tests.searchbox.PositiveSearchBoxTests" name="positiveSearchBoxTest" time="2.811">
    <failure type="java.lang.AssertionError" message="Search result isn&amp;apos;t correct expected [true] but found [false]">
      <![CDATA[java.lang.AssertionError: Search result isn't correct expected [true] but found [false]
at com.amazon.tests.searchbox.PositiveSearchBoxTests.positiveSearchBoxTest(PositiveSearchBoxTests.java:26)
at java.base/java.util.ArrayList.forEach(ArrayList.java:1511)
... Removed 33 stack frames]]>
    </failure>
  </testcase> <!-- positiveSearchBoxTest -->
</testsuite> <!-- Positive_Search_Test -->
